<?xml version="1.0" encoding="UTF-8"?>
<testng-results ignored="0" total="2" passed="2" failed="0" skipped="0">
  <reporter-output>
  </reporter-output>
  <suite started-at="2023-01-03T13:37:29 IST" name="Default suite" finished-at="2023-01-03T13:38:08 IST" duration-ms="38892">
    <groups>
    </groups>
    <test started-at="2023-01-03T13:37:29 IST" name="Default test" finished-at="2023-01-03T13:38:08 IST" duration-ms="38892">
      <class name="Test1_classes.Test_1">
        <test-method is-config="true" signature="openBrowser12()[pri:0, instance:Test1_classes.Test_1@9f116cc]" started-at="2023-01-03T13:37:29 IST" name="openBrowser12" finished-at="2023-01-03T13:37:40 IST" duration-ms="11375" status="PASS">
          <reporter-output>
          </reporter-output>
        </test-method> <!-- openBrowser12 -->
        <test-method is-config="true" signature="login123()[pri:0, instance:Test1_classes.Test_1@9f116cc]" started-at="2023-01-03T13:37:40 IST" name="login123" finished-at="2023-01-03T13:37:52 IST" duration-ms="11624" status="PASS">
          <reporter-output>
          </reporter-output>
        </test-method> <!-- login123 -->
        <test-method signature="verifytext12()[pri:0, instance:Test1_classes.Test_1@9f116cc]" started-at="2023-01-03T13:37:52 IST" name="verifytext12" finished-at="2023-01-03T13:37:52 IST" duration-ms="17" status="PASS">
          <reporter-output>
          </reporter-output>
        </test-method> <!-- verifytext12 -->
        <test-method is-config="true" signature="logout123(org.testng.ITestResult)[pri:0, instance:Test1_classes.Test_1@9f116cc]" started-at="2023-01-03T13:37:52 IST" name="logout123" finished-at="2023-01-03T13:37:56 IST" duration-ms="4340" status="PASS">
          <params>
            <param index="0">
              <value>
                <![CDATA[[TestResult name=verifytext12 status=SUCCESS method=Test_1.verifytext12()[pri:0, instance:Test1_classes.Test_1@9f116cc] output={null}]]]>
              </value>
            </param>
          </params>
          <reporter-output>
          </reporter-output>
        </test-method> <!-- logout123 -->
        <test-method is-config="true" signature="login123()[pri:0, instance:Test1_classes.Test_1@9f116cc]" started-at="2023-01-03T13:37:56 IST" name="login123" finished-at="2023-01-03T13:38:02 IST" duration-ms="5866" status="PASS">
          <reporter-output>
          </reporter-output>
        </test-method> <!-- login123 -->
        <test-method signature="verifyusername12()[pri:0, instance:Test1_classes.Test_1@9f116cc]" started-at="2023-01-03T13:38:02 IST" name="verifyusername12" finished-at="2023-01-03T13:38:03 IST" duration-ms="467" status="PASS">
          <reporter-output>
          </reporter-output>
        </test-method> <!-- verifyusername12 -->
        <test-method is-config="true" signature="logout123(org.testng.ITestResult)[pri:0, instance:Test1_classes.Test_1@9f116cc]" started-at="2023-01-03T13:38:03 IST" name="logout123" finished-at="2023-01-03T13:38:06 IST" duration-ms="3090" status="PASS">
          <params>
            <param index="0">
              <value>
                <![CDATA[[TestResult name=verifyusername12 status=SUCCESS method=Test_1.verifyusername12()[pri:0, instance:Test1_classes.Test_1@9f116cc] output={null}]]]>
              </value>
            </param>
          </params>
          <reporter-output>
          </reporter-output>
        </test-method> <!-- logout123 -->
        <test-method is-config="true" signature="closeBrowser()[pri:0, instance:Test1_classes.Test_1@9f116cc]" started-at="2023-01-03T13:38:06 IST" name="closeBrowser" finished-at="2023-01-03T13:38:08 IST" duration-ms="2044" status="PASS">
          <reporter-output>
          </reporter-output>
        </test-method> <!-- closeBrowser -->
      </class> <!-- Test1_classes.Test_1 -->
    </test> <!-- Default test -->
  </suite> <!-- Default suite -->
</testng-results>
